{
  "stats": {
    "suites": 1,
    "tests": 10,
    "passes": 9,
    "pending": 0,
    "failures": 1,
    "start": "2023-10-30T02:11:44.081Z",
    "end": "2023-10-30T02:11:46.694Z",
    "duration": 2613,
    "testsRegistered": 10,
    "passPercent": 90,
    "pendingPercent": 0,
    "other": 0,
    "hasOther": false,
    "skipped": 0,
    "hasSkipped": false
  },
  "results": [
    {
      "uuid": "ce5e47ae-f4a6-466b-9abe-d08d53f585c1",
      "title": "",
      "fullFile": "cypress\\e2e\\spec.cy.js",
      "file": "cypress\\e2e\\spec.cy.js",
      "beforeHooks": [],
      "afterHooks": [],
      "tests": [],
      "suites": [
        {
          "uuid": "5b8fe474-1503-40ae-88d1-405c30fc0830",
          "title": "Testes automaticos da API ServeRest",
          "fullFile": "",
          "file": "",
          "beforeHooks": [],
          "afterHooks": [],
          "tests": [
            {
              "title": "Cadastra um novo usuário",
              "fullTitle": "Testes automaticos da API ServeRest Cadastra um novo usuário",
              "timedOut": null,
              "duration": 450,
              "state": "passed",
              "speed": "fast",
              "pass": true,
              "fail": false,
              "pending": false,
              "context": null,
              "code": "const user = {\n  nome: 'Nome do Usuário',\n  email: randomEmailCadastrar,\n  password: '12345',\n  administrador: 'true'\n};\ncy.request({\n  method: 'POST',\n  url: 'https://serverest.dev/usuarios',\n  body: user\n}).should(({\n  status,\n  body\n}) => {\n  expect(status).to.equal(201);\n  expect(body.message).to.include('Cadastro realizado com sucesso');\n  userId = body._id;\n});",
              "err": {},
              "uuid": "61088ffe-47a7-4279-9d6f-ac9a0cd3a300",
              "parentUUID": "5b8fe474-1503-40ae-88d1-405c30fc0830",
              "isHook": false,
              "skipped": false
            },
            {
              "title": "Cadastra usuário com e-mail igual ao primeiro",
              "fullTitle": "Testes automaticos da API ServeRest Cadastra usuário com e-mail igual ao primeiro",
              "timedOut": null,
              "duration": 196,
              "state": "passed",
              "speed": "fast",
              "pass": true,
              "fail": false,
              "pending": false,
              "context": null,
              "code": "const user = {\n  nome: 'Nome do Usuário',\n  email: randomEmailCadastrar,\n  password: '12345',\n  administrador: 'true'\n};\ncy.request({\n  method: 'POST',\n  url: 'https://serverest.dev/usuarios',\n  body: user,\n  failOnStatusCode: false\n}).should(({\n  status,\n  body\n}) => {\n  expect(status).to.equal(400);\n  expect(body.message).to.include('Este email já está sendo usado');\n});",
              "err": {},
              "uuid": "80440709-c58a-4c2e-b523-544bffc7f1fb",
              "parentUUID": "5b8fe474-1503-40ae-88d1-405c30fc0830",
              "isHook": false,
              "skipped": false
            },
            {
              "title": "Atualizar usuário cadastrado",
              "fullTitle": "Testes automaticos da API ServeRest Atualizar usuário cadastrado",
              "timedOut": null,
              "duration": 194,
              "state": "passed",
              "speed": "fast",
              "pass": true,
              "fail": false,
              "pending": false,
              "context": null,
              "code": "const user = {\n  nome: 'Nome do Usuário',\n  email: randomEmailAtualizar,\n  //email: 'edu222@gmail.com',\n  password: '12345',\n  administrador: 'true'\n};\ncy.request({\n  method: 'PUT',\n  url: `https://serverest.dev/usuarios/${userId}`,\n  body: user\n  //failOnStatusCode: false,\n}).should(({\n  status,\n  body\n}) => {\n  expect(status).to.equal(200);\n  expect(body.message).to.include('Registro alterado com sucesso');\n  //expect(body._id).to.be.not.undefined;\n});",
              "err": {},
              "uuid": "deb0b0a3-71fb-4d09-9bc3-5a0ed7f801a2",
              "parentUUID": "5b8fe474-1503-40ae-88d1-405c30fc0830",
              "isHook": false,
              "skipped": false
            },
            {
              "title": "Atualizar usuário cadastrado com erro",
              "fullTitle": "Testes automaticos da API ServeRest Atualizar usuário cadastrado com erro",
              "timedOut": null,
              "duration": 404,
              "state": "failed",
              "speed": null,
              "pass": false,
              "fail": true,
              "pending": false,
              "context": null,
              "code": "const user = {\n  nome: 'Nome do Usuário',\n  email: randomEmailCadastrar,\n  password: '12345',\n  administrador: 'true'\n};\ncy.request({\n  method: 'PUT',\n  url: `https://serverest.dev/usuarios/${userId}`,\n  body: user,\n  failOnStatusCode: false\n}).should(({\n  status,\n  body\n}) => {\n  expect(status).to.equal(400);\n  expect(body.message).to.include('Este email já está sendo usado');\n});",
              "err": {
                "message": "AssertionError: expected 200 to equal 400",
                "estack": "AssertionError: expected 200 to equal 400\n    at Context.eval (webpack://tcc-teste-cypress/./cypress/e2e/spec.cy.js:97:24)",
                "diff": "- 200\n+ 400\n"
              },
              "uuid": "6d267252-85e4-4e43-b388-fa71b7b5f69c",
              "parentUUID": "5b8fe474-1503-40ae-88d1-405c30fc0830",
              "isHook": false,
              "skipped": false
            },
            {
              "title": "Buscar usuário cadastrado por ID",
              "fullTitle": "Testes automaticos da API ServeRest Buscar usuário cadastrado por ID",
              "timedOut": null,
              "duration": 201,
              "state": "passed",
              "speed": "fast",
              "pass": true,
              "fail": false,
              "pending": false,
              "context": null,
              "code": "cy.request({\n  method: 'GET',\n  url: `https://serverest.dev/usuarios/${userId}`\n}).should(({\n  status,\n  body\n}) => {\n  expect(status).to.equal(200);\n  expect(body.nome).to.equal('Nome do Usuário');\n  //expect(body.email).to.equal(randomEmailCadastrar); \n  expect(body.password).to.equal('12345');\n});",
              "err": {},
              "uuid": "ef263570-b37c-4fb8-b5e8-22e531307154",
              "parentUUID": "5b8fe474-1503-40ae-88d1-405c30fc0830",
              "isHook": false,
              "skipped": false
            },
            {
              "title": "Buscar usuário por email",
              "fullTitle": "Testes automaticos da API ServeRest Buscar usuário por email",
              "timedOut": null,
              "duration": 204,
              "state": "passed",
              "speed": "fast",
              "pass": true,
              "fail": false,
              "pending": false,
              "context": null,
              "code": "const emailToSearch = randomEmailAtualizar;\ncy.request({\n  method: 'GET',\n  url: `https://serverest.dev/usuarios?email=${emailToSearch}`\n}).then(response => {\n  expect(response.status).to.equal(200);\n  expect(response.body).to.be.an('object');\n  expect(response.body).to.have.property('usuarios').that.is.an('array');\n  if (response.body.usuarios.length === 0) {\n    cy.log('Nenhum usuário encontrado com o email especificado.');\n  } else {\n    const firstUser = response.body.usuarios[0];\n    expect(firstUser).to.have.property('nome');\n    expect(firstUser).to.have.property('password');\n  }\n});",
              "err": {},
              "uuid": "5d349ee2-4523-4ba6-8f5c-dd4d7b679191",
              "parentUUID": "5b8fe474-1503-40ae-88d1-405c30fc0830",
              "isHook": false,
              "skipped": false
            },
            {
              "title": "Buscar usuário por email inválido",
              "fullTitle": "Testes automaticos da API ServeRest Buscar usuário por email inválido",
              "timedOut": null,
              "duration": 197,
              "state": "passed",
              "speed": "fast",
              "pass": true,
              "fail": false,
              "pending": false,
              "context": null,
              "code": "const emailInvalido = 'email_inexistente@exemplo.com';\ncy.request({\n  method: 'GET',\n  url: `https://serverest.dev/usuarios?email=${emailInvalido}`\n}).should(({\n  status,\n  body\n}) => {\n  expect(status).to.equal(200);\n  expect(body).to.be.an('object');\n  expect(body.usuarios).to.be.an('array');\n  expect(body.usuarios).to.have.lengthOf(0);\n});",
              "err": {},
              "uuid": "a160f85b-6794-4fc9-8995-7fdd402ea5f7",
              "parentUUID": "5b8fe474-1503-40ae-88d1-405c30fc0830",
              "isHook": false,
              "skipped": false
            },
            {
              "title": "Buscar Administradores",
              "fullTitle": "Testes automaticos da API ServeRest Buscar Administradores",
              "timedOut": null,
              "duration": 201,
              "state": "passed",
              "speed": "fast",
              "pass": true,
              "fail": false,
              "pending": false,
              "context": null,
              "code": "const is_administrador = true;\ncy.request({\n  method: 'GET',\n  url: `https://serverest.dev/usuarios?administrador=${is_administrador}`\n}).then(response => {\n  expect(response.status).to.equal(200);\n  expect(response.body).to.be.an('object');\n  expect(response.body).to.have.property('usuarios').that.is.an('array');\n  expect(response.body.usuarios.length).to.be.greaterThan(0);\n  if (response.body.usuarios.length === 0) {\n    cy.log('Nenhum Administrador encontrado.');\n  }\n});",
              "err": {},
              "uuid": "85b845c0-a29c-4f6d-a5c7-e69ac37c6e8e",
              "parentUUID": "5b8fe474-1503-40ae-88d1-405c30fc0830",
              "isHook": false,
              "skipped": false
            },
            {
              "title": "Deletar usuário cadastrado por ID",
              "fullTitle": "Testes automaticos da API ServeRest Deletar usuário cadastrado por ID",
              "timedOut": null,
              "duration": 196,
              "state": "passed",
              "speed": "fast",
              "pass": true,
              "fail": false,
              "pending": false,
              "context": null,
              "code": "cy.request({\n  method: 'DELETE',\n  url: `https://serverest.dev/usuarios/${userId}`\n}).should(({\n  status,\n  body\n}) => {\n  expect(status).to.equal(200);\n  expect(body.message).to.contains('Registro excluído com sucesso');\n});",
              "err": {},
              "uuid": "f1efc12d-be78-41f1-a743-65f9eb6d60c7",
              "parentUUID": "5b8fe474-1503-40ae-88d1-405c30fc0830",
              "isHook": false,
              "skipped": false
            },
            {
              "title": "Deletar mesmo usuário cadastrado por ID novamente",
              "fullTitle": "Testes automaticos da API ServeRest Deletar mesmo usuário cadastrado por ID novamente",
              "timedOut": null,
              "duration": 193,
              "state": "passed",
              "speed": "fast",
              "pass": true,
              "fail": false,
              "pending": false,
              "context": null,
              "code": "cy.request({\n  method: 'DELETE',\n  url: `https://serverest.dev/usuarios/${userId}`\n}).should(({\n  status,\n  body\n}) => {\n  expect(status).to.equal(200);\n  expect(body.message).to.contains('Nenhum registro excluído');\n});",
              "err": {},
              "uuid": "f12ab498-c256-44a6-a5b2-6ec75a2c4082",
              "parentUUID": "5b8fe474-1503-40ae-88d1-405c30fc0830",
              "isHook": false,
              "skipped": false
            }
          ],
          "suites": [],
          "passes": [
            "61088ffe-47a7-4279-9d6f-ac9a0cd3a300",
            "80440709-c58a-4c2e-b523-544bffc7f1fb",
            "deb0b0a3-71fb-4d09-9bc3-5a0ed7f801a2",
            "ef263570-b37c-4fb8-b5e8-22e531307154",
            "5d349ee2-4523-4ba6-8f5c-dd4d7b679191",
            "a160f85b-6794-4fc9-8995-7fdd402ea5f7",
            "85b845c0-a29c-4f6d-a5c7-e69ac37c6e8e",
            "f1efc12d-be78-41f1-a743-65f9eb6d60c7",
            "f12ab498-c256-44a6-a5b2-6ec75a2c4082"
          ],
          "failures": [
            "6d267252-85e4-4e43-b388-fa71b7b5f69c"
          ],
          "pending": [],
          "skipped": [],
          "duration": 2436,
          "root": false,
          "rootEmpty": false,
          "_timeout": 2000
        }
      ],
      "passes": [],
      "failures": [],
      "pending": [],
      "skipped": [],
      "duration": 0,
      "root": true,
      "rootEmpty": true,
      "_timeout": 2000
    }
  ],
  "meta": {
    "mocha": {
      "version": "7.0.1"
    },
    "mochawesome": {
      "options": {
        "quiet": false,
        "reportFilename": "mochawesome",
        "saveHtml": false,
        "saveJson": true,
        "consoleReporter": "spec",
        "useInlineDiffs": false,
        "code": true
      },
      "version": "7.1.3"
    },
    "marge": {
      "options": {
        "reportDir": "cypress/report",
        "overwrite": false,
        "html": false,
        "json": true
      },
      "version": "6.2.0"
    }
  }
}