{
  "stats": {
    "suites": 1,
    "tests": 10,
    "passes": 10,
    "pending": 0,
    "failures": 0,
    "start": "2023-10-30T02:35:21.142Z",
    "end": "2023-10-30T02:35:23.422Z",
    "duration": 2280,
    "testsRegistered": 10,
    "passPercent": 100,
    "pendingPercent": 0,
    "other": 0,
    "hasOther": false,
    "skipped": 0,
    "hasSkipped": false
  },
  "results": [
    {
      "uuid": "bc5ee37d-c99d-4ca6-84a7-c31ab9238c59",
      "title": "",
      "fullFile": "cypress\\e2e\\spec.cy.js",
      "file": "cypress\\e2e\\spec.cy.js",
      "beforeHooks": [],
      "afterHooks": [],
      "tests": [],
      "suites": [
        {
          "uuid": "5e3dc056-8c3c-4edd-aff1-0c045b30eb5c",
          "title": "Testes automaticos da API ServeRest",
          "fullFile": "",
          "file": "",
          "beforeHooks": [],
          "afterHooks": [],
          "tests": [
            {
              "title": "Cadastra um novo usuário",
              "fullTitle": "Testes automaticos da API ServeRest Cadastra um novo usuário",
              "timedOut": null,
              "duration": 435,
              "state": "passed",
              "speed": "fast",
              "pass": true,
              "fail": false,
              "pending": false,
              "context": null,
              "code": "const user = {\n  nome: 'Nome do Usuário',\n  email: randomEmailCadastrar,\n  password: '12345',\n  administrador: 'true'\n};\ncy.request({\n  method: 'POST',\n  url: 'https://serverest.dev/usuarios',\n  body: user\n}).should(({\n  status,\n  body\n}) => {\n  expect(status).to.equal(201);\n  expect(body.message).to.include('Cadastro realizado com sucesso');\n  userId = body._id;\n});",
              "err": {},
              "uuid": "768352dd-77f1-4bf7-9a8b-a549ef8b5332",
              "parentUUID": "5e3dc056-8c3c-4edd-aff1-0c045b30eb5c",
              "isHook": false,
              "skipped": false
            },
            {
              "title": "Cadastra usuário com e-mail igual ao primeiro",
              "fullTitle": "Testes automaticos da API ServeRest Cadastra usuário com e-mail igual ao primeiro",
              "timedOut": null,
              "duration": 192,
              "state": "passed",
              "speed": "fast",
              "pass": true,
              "fail": false,
              "pending": false,
              "context": null,
              "code": "const user = {\n  nome: 'Nome do Usuário',\n  email: randomEmailCadastrar,\n  password: '12345',\n  administrador: 'true'\n};\ncy.request({\n  method: 'POST',\n  url: 'https://serverest.dev/usuarios',\n  body: user,\n  failOnStatusCode: false\n}).should(({\n  status,\n  body\n}) => {\n  expect(status).to.equal(400);\n  expect(body.message).to.include('Este email já está sendo usado');\n});",
              "err": {},
              "uuid": "26bd732f-d076-425b-950e-08128417f408",
              "parentUUID": "5e3dc056-8c3c-4edd-aff1-0c045b30eb5c",
              "isHook": false,
              "skipped": false
            },
            {
              "title": "Atualizar usuário cadastrado",
              "fullTitle": "Testes automaticos da API ServeRest Atualizar usuário cadastrado",
              "timedOut": null,
              "duration": 188,
              "state": "passed",
              "speed": "fast",
              "pass": true,
              "fail": false,
              "pending": false,
              "context": null,
              "code": "const user = {\n  nome: 'Nome do Usuário',\n  email: randomEmailAtualizar,\n  //email: 'edu222@gmail.com',\n  password: '12345',\n  administrador: 'true'\n};\ncy.request({\n  method: 'PUT',\n  url: `https://serverest.dev/usuarios/${userId}`,\n  body: user\n  //failOnStatusCode: false,\n}).should(({\n  status,\n  body\n}) => {\n  expect(status).to.equal(200);\n  expect(body.message).to.include('Registro alterado com sucesso');\n  //expect(body._id).to.be.not.undefined;\n});",
              "err": {},
              "uuid": "e77b4695-a7d0-43dc-b6cd-b293814192ac",
              "parentUUID": "5e3dc056-8c3c-4edd-aff1-0c045b30eb5c",
              "isHook": false,
              "skipped": false
            },
            {
              "title": "Atualizar usuário cadastrado com erro",
              "fullTitle": "Testes automaticos da API ServeRest Atualizar usuário cadastrado com erro",
              "timedOut": null,
              "duration": 188,
              "state": "passed",
              "speed": "fast",
              "pass": true,
              "fail": false,
              "pending": false,
              "context": null,
              "code": "const user = {\n  nome: 'Nome do Usuário',\n  email: \"email_invalido\",\n  password: '12345',\n  administrador: 'true'\n};\ncy.request({\n  method: 'PUT',\n  url: `https://serverest.dev/usuarios/${userId}`,\n  body: user,\n  failOnStatusCode: false\n}).should(({\n  status,\n  body\n}) => {\n  expect(status).to.equal(400);\n});",
              "err": {},
              "uuid": "c0bdd97a-090e-4d6b-bf31-ab2139901818",
              "parentUUID": "5e3dc056-8c3c-4edd-aff1-0c045b30eb5c",
              "isHook": false,
              "skipped": false
            },
            {
              "title": "Buscar usuário cadastrado por ID",
              "fullTitle": "Testes automaticos da API ServeRest Buscar usuário cadastrado por ID",
              "timedOut": null,
              "duration": 191,
              "state": "passed",
              "speed": "fast",
              "pass": true,
              "fail": false,
              "pending": false,
              "context": null,
              "code": "cy.request({\n  method: 'GET',\n  url: `https://serverest.dev/usuarios/${userId}`\n}).should(({\n  status,\n  body\n}) => {\n  expect(status).to.equal(200);\n  expect(body.nome).to.equal('Nome do Usuário');\n  //expect(body.email).to.equal(randomEmailCadastrar); \n  expect(body.password).to.equal('12345');\n});",
              "err": {},
              "uuid": "5e535ac2-677f-4cc7-8755-8d89874dafef",
              "parentUUID": "5e3dc056-8c3c-4edd-aff1-0c045b30eb5c",
              "isHook": false,
              "skipped": false
            },
            {
              "title": "Buscar usuário por email",
              "fullTitle": "Testes automaticos da API ServeRest Buscar usuário por email",
              "timedOut": null,
              "duration": 197,
              "state": "passed",
              "speed": "fast",
              "pass": true,
              "fail": false,
              "pending": false,
              "context": null,
              "code": "const emailToSearch = randomEmailAtualizar;\ncy.request({\n  method: 'GET',\n  url: `https://serverest.dev/usuarios?email=${emailToSearch}`\n}).then(response => {\n  expect(response.status).to.equal(200);\n  expect(response.body).to.be.an('object');\n  expect(response.body).to.have.property('usuarios').that.is.an('array');\n  if (response.body.usuarios.length === 0) {\n    cy.log('Nenhum usuário encontrado com o email especificado.');\n  } else {\n    const firstUser = response.body.usuarios[0];\n    expect(firstUser).to.have.property('nome');\n    expect(firstUser).to.have.property('password');\n  }\n});",
              "err": {},
              "uuid": "f5b047dc-da03-41a6-aaf8-abbebbd3c2bc",
              "parentUUID": "5e3dc056-8c3c-4edd-aff1-0c045b30eb5c",
              "isHook": false,
              "skipped": false
            },
            {
              "title": "Buscar usuário por email inválido",
              "fullTitle": "Testes automaticos da API ServeRest Buscar usuário por email inválido",
              "timedOut": null,
              "duration": 195,
              "state": "passed",
              "speed": "fast",
              "pass": true,
              "fail": false,
              "pending": false,
              "context": null,
              "code": "const emailInvalido = 'email_inexistente@exemplo.com';\ncy.request({\n  method: 'GET',\n  url: `https://serverest.dev/usuarios?email=${emailInvalido}`\n}).should(({\n  status,\n  body\n}) => {\n  expect(status).to.equal(200);\n  expect(body).to.be.an('object');\n  expect(body.usuarios).to.be.an('array');\n  expect(body.usuarios).to.have.lengthOf(0);\n});",
              "err": {},
              "uuid": "95987785-4b92-4586-b00b-737c58e2d9e3",
              "parentUUID": "5e3dc056-8c3c-4edd-aff1-0c045b30eb5c",
              "isHook": false,
              "skipped": false
            },
            {
              "title": "Buscar Administradores",
              "fullTitle": "Testes automaticos da API ServeRest Buscar Administradores",
              "timedOut": null,
              "duration": 190,
              "state": "passed",
              "speed": "fast",
              "pass": true,
              "fail": false,
              "pending": false,
              "context": null,
              "code": "const is_administrador = true;\ncy.request({\n  method: 'GET',\n  url: `https://serverest.dev/usuarios?administrador=${is_administrador}`\n}).then(response => {\n  expect(response.status).to.equal(200);\n  expect(response.body).to.be.an('object');\n  expect(response.body).to.have.property('usuarios').that.is.an('array');\n  expect(response.body.usuarios.length).to.be.greaterThan(0);\n  if (response.body.usuarios.length === 0) {\n    cy.log('Nenhum Administrador encontrado.');\n  }\n});",
              "err": {},
              "uuid": "876c51c7-acaf-4ba3-978d-62c9d7c28ad3",
              "parentUUID": "5e3dc056-8c3c-4edd-aff1-0c045b30eb5c",
              "isHook": false,
              "skipped": false
            },
            {
              "title": "Deletar usuário cadastrado por ID",
              "fullTitle": "Testes automaticos da API ServeRest Deletar usuário cadastrado por ID",
              "timedOut": null,
              "duration": 191,
              "state": "passed",
              "speed": "fast",
              "pass": true,
              "fail": false,
              "pending": false,
              "context": null,
              "code": "cy.request({\n  method: 'DELETE',\n  url: `https://serverest.dev/usuarios/${userId}`\n}).should(({\n  status,\n  body\n}) => {\n  expect(status).to.equal(200);\n  expect(body.message).to.contains('Registro excluído com sucesso');\n});",
              "err": {},
              "uuid": "c6a1a101-df44-470c-83b3-4a32f4ecc449",
              "parentUUID": "5e3dc056-8c3c-4edd-aff1-0c045b30eb5c",
              "isHook": false,
              "skipped": false
            },
            {
              "title": "Deletar mesmo usuário cadastrado por ID novamente",
              "fullTitle": "Testes automaticos da API ServeRest Deletar mesmo usuário cadastrado por ID novamente",
              "timedOut": null,
              "duration": 189,
              "state": "passed",
              "speed": "fast",
              "pass": true,
              "fail": false,
              "pending": false,
              "context": null,
              "code": "cy.request({\n  method: 'DELETE',\n  url: `https://serverest.dev/usuarios/${userId}`\n}).should(({\n  status,\n  body\n}) => {\n  expect(status).to.equal(200);\n  expect(body.message).to.contains('Nenhum registro excluído');\n});",
              "err": {},
              "uuid": "3acfb5b7-b511-4215-acd0-5a7bd45b006a",
              "parentUUID": "5e3dc056-8c3c-4edd-aff1-0c045b30eb5c",
              "isHook": false,
              "skipped": false
            }
          ],
          "suites": [],
          "passes": [
            "768352dd-77f1-4bf7-9a8b-a549ef8b5332",
            "26bd732f-d076-425b-950e-08128417f408",
            "e77b4695-a7d0-43dc-b6cd-b293814192ac",
            "c0bdd97a-090e-4d6b-bf31-ab2139901818",
            "5e535ac2-677f-4cc7-8755-8d89874dafef",
            "f5b047dc-da03-41a6-aaf8-abbebbd3c2bc",
            "95987785-4b92-4586-b00b-737c58e2d9e3",
            "876c51c7-acaf-4ba3-978d-62c9d7c28ad3",
            "c6a1a101-df44-470c-83b3-4a32f4ecc449",
            "3acfb5b7-b511-4215-acd0-5a7bd45b006a"
          ],
          "failures": [],
          "pending": [],
          "skipped": [],
          "duration": 2156,
          "root": false,
          "rootEmpty": false,
          "_timeout": 2000
        }
      ],
      "passes": [],
      "failures": [],
      "pending": [],
      "skipped": [],
      "duration": 0,
      "root": true,
      "rootEmpty": true,
      "_timeout": 2000
    }
  ],
  "meta": {
    "mocha": {
      "version": "7.0.1"
    },
    "mochawesome": {
      "options": {
        "quiet": false,
        "reportFilename": "mochawesome",
        "saveHtml": false,
        "saveJson": true,
        "consoleReporter": "spec",
        "useInlineDiffs": false,
        "code": true
      },
      "version": "7.1.3"
    },
    "marge": {
      "options": {
        "reportDir": "cypress/report",
        "overwrite": false,
        "html": false,
        "json": true
      },
      "version": "6.2.0"
    }
  }
}