{
  "stats": {
    "suites": 1,
    "tests": 10,
    "passes": 9,
    "pending": 0,
    "failures": 1,
    "start": "2023-10-30T02:16:17.059Z",
    "end": "2023-10-30T02:16:19.688Z",
    "duration": 2629,
    "testsRegistered": 10,
    "passPercent": 90,
    "pendingPercent": 0,
    "other": 0,
    "hasOther": false,
    "skipped": 0,
    "hasSkipped": false
  },
  "results": [
    {
      "uuid": "df173742-5f64-46c9-b9f0-aa5390bb4d95",
      "title": "",
      "fullFile": "cypress\\e2e\\spec.cy.js",
      "file": "cypress\\e2e\\spec.cy.js",
      "beforeHooks": [],
      "afterHooks": [],
      "tests": [],
      "suites": [
        {
          "uuid": "b65086c6-5538-4a5c-98fd-4b1cc4c6cbec",
          "title": "Testes automaticos da API ServeRest",
          "fullFile": "",
          "file": "",
          "beforeHooks": [],
          "afterHooks": [],
          "tests": [
            {
              "title": "Cadastra um novo usuário",
              "fullTitle": "Testes automaticos da API ServeRest Cadastra um novo usuário",
              "timedOut": null,
              "duration": 470,
              "state": "passed",
              "speed": "fast",
              "pass": true,
              "fail": false,
              "pending": false,
              "context": null,
              "code": "const user = {\n  nome: 'Nome do Usuário',\n  email: randomEmailCadastrar,\n  password: '12345',\n  administrador: 'true'\n};\ncy.request({\n  method: 'POST',\n  url: 'https://serverest.dev/usuarios',\n  body: user\n}).should(({\n  status,\n  body\n}) => {\n  expect(status).to.equal(201);\n  expect(body.message).to.include('Cadastro realizado com sucesso');\n  userId = body._id;\n});",
              "err": {},
              "uuid": "56eec030-294e-4f37-9832-9cb459c542be",
              "parentUUID": "b65086c6-5538-4a5c-98fd-4b1cc4c6cbec",
              "isHook": false,
              "skipped": false
            },
            {
              "title": "Cadastra usuário com e-mail igual ao primeiro",
              "fullTitle": "Testes automaticos da API ServeRest Cadastra usuário com e-mail igual ao primeiro",
              "timedOut": null,
              "duration": 193,
              "state": "passed",
              "speed": "fast",
              "pass": true,
              "fail": false,
              "pending": false,
              "context": null,
              "code": "const user = {\n  nome: 'Nome do Usuário',\n  email: randomEmailCadastrar,\n  password: '12345',\n  administrador: 'true'\n};\ncy.request({\n  method: 'POST',\n  url: 'https://serverest.dev/usuarios',\n  body: user,\n  failOnStatusCode: false\n}).should(({\n  status,\n  body\n}) => {\n  expect(status).to.equal(400);\n  expect(body.message).to.include('Este email já está sendo usado');\n});",
              "err": {},
              "uuid": "7e6302b1-5bf7-4b3a-90b9-93dc3440221b",
              "parentUUID": "b65086c6-5538-4a5c-98fd-4b1cc4c6cbec",
              "isHook": false,
              "skipped": false
            },
            {
              "title": "Atualizar usuário cadastrado",
              "fullTitle": "Testes automaticos da API ServeRest Atualizar usuário cadastrado",
              "timedOut": null,
              "duration": 195,
              "state": "passed",
              "speed": "fast",
              "pass": true,
              "fail": false,
              "pending": false,
              "context": null,
              "code": "const user = {\n  nome: 'Nome do Usuário',\n  email: randomEmailAtualizar,\n  //email: 'edu222@gmail.com',\n  password: '12345',\n  administrador: 'true'\n};\ncy.request({\n  method: 'PUT',\n  url: `https://serverest.dev/usuarios/${userId}`,\n  body: user\n  //failOnStatusCode: false,\n}).should(({\n  status,\n  body\n}) => {\n  expect(status).to.equal(200);\n  expect(body.message).to.include('Registro alterado com sucesso');\n  //expect(body._id).to.be.not.undefined;\n});",
              "err": {},
              "uuid": "093f96cd-c42e-42b1-b78c-5d6126ec82ac",
              "parentUUID": "b65086c6-5538-4a5c-98fd-4b1cc4c6cbec",
              "isHook": false,
              "skipped": false
            },
            {
              "title": "Atualizar usuário cadastrado com erro",
              "fullTitle": "Testes automaticos da API ServeRest Atualizar usuário cadastrado com erro",
              "timedOut": null,
              "duration": 411,
              "state": "failed",
              "speed": null,
              "pass": false,
              "fail": true,
              "pending": false,
              "context": null,
              "code": "const user = {\n  nome: 'Nome do Usuário',\n  email: 'email_invalido',\n  password: '12345',\n  administrador: 'true'\n};\ncy.request({\n  method: 'PUT',\n  url: `https://serverest.dev/usuarios/${userId}`,\n  body: user,\n  failOnStatusCode: false\n}).should(({\n  status,\n  body\n}) => {\n  expect(status).to.equal(400);\n  expect(body.message).to.include('email deve ser um email válido');\n});",
              "err": {
                "message": "AssertionError: object tested must be an array, a map, an object, a set, a string, or a weakset, but undefined given",
                "estack": "AssertionError: object tested must be an array, a map, an object, a set, a string, or a weakset, but undefined given\n    at Context.eval (webpack://tcc-teste-cypress/./cypress/e2e/spec.cy.js:98:6)",
                "diff": null
              },
              "uuid": "ff9ebb5c-bac2-4d02-93fd-1067a7158ad4",
              "parentUUID": "b65086c6-5538-4a5c-98fd-4b1cc4c6cbec",
              "isHook": false,
              "skipped": false
            },
            {
              "title": "Buscar usuário cadastrado por ID",
              "fullTitle": "Testes automaticos da API ServeRest Buscar usuário cadastrado por ID",
              "timedOut": null,
              "duration": 198,
              "state": "passed",
              "speed": "fast",
              "pass": true,
              "fail": false,
              "pending": false,
              "context": null,
              "code": "cy.request({\n  method: 'GET',\n  url: `https://serverest.dev/usuarios/${userId}`\n}).should(({\n  status,\n  body\n}) => {\n  expect(status).to.equal(200);\n  expect(body.nome).to.equal('Nome do Usuário');\n  //expect(body.email).to.equal(randomEmailCadastrar); \n  expect(body.password).to.equal('12345');\n});",
              "err": {},
              "uuid": "d536cefd-8cba-4565-9990-b9bd08fa3139",
              "parentUUID": "b65086c6-5538-4a5c-98fd-4b1cc4c6cbec",
              "isHook": false,
              "skipped": false
            },
            {
              "title": "Buscar usuário por email",
              "fullTitle": "Testes automaticos da API ServeRest Buscar usuário por email",
              "timedOut": null,
              "duration": 204,
              "state": "passed",
              "speed": "fast",
              "pass": true,
              "fail": false,
              "pending": false,
              "context": null,
              "code": "const emailToSearch = randomEmailAtualizar;\ncy.request({\n  method: 'GET',\n  url: `https://serverest.dev/usuarios?email=${emailToSearch}`\n}).then(response => {\n  expect(response.status).to.equal(200);\n  expect(response.body).to.be.an('object');\n  expect(response.body).to.have.property('usuarios').that.is.an('array');\n  if (response.body.usuarios.length === 0) {\n    cy.log('Nenhum usuário encontrado com o email especificado.');\n  } else {\n    const firstUser = response.body.usuarios[0];\n    expect(firstUser).to.have.property('nome');\n    expect(firstUser).to.have.property('password');\n  }\n});",
              "err": {},
              "uuid": "dc474167-f42c-4f12-b1fc-0a3336770203",
              "parentUUID": "b65086c6-5538-4a5c-98fd-4b1cc4c6cbec",
              "isHook": false,
              "skipped": false
            },
            {
              "title": "Buscar usuário por email inválido",
              "fullTitle": "Testes automaticos da API ServeRest Buscar usuário por email inválido",
              "timedOut": null,
              "duration": 196,
              "state": "passed",
              "speed": "fast",
              "pass": true,
              "fail": false,
              "pending": false,
              "context": null,
              "code": "const emailInvalido = 'email_inexistente@exemplo.com';\ncy.request({\n  method: 'GET',\n  url: `https://serverest.dev/usuarios?email=${emailInvalido}`\n}).should(({\n  status,\n  body\n}) => {\n  expect(status).to.equal(200);\n  expect(body).to.be.an('object');\n  expect(body.usuarios).to.be.an('array');\n  expect(body.usuarios).to.have.lengthOf(0);\n});",
              "err": {},
              "uuid": "d4dafde8-6b19-48f4-827a-816478ecb328",
              "parentUUID": "b65086c6-5538-4a5c-98fd-4b1cc4c6cbec",
              "isHook": false,
              "skipped": false
            },
            {
              "title": "Buscar Administradores",
              "fullTitle": "Testes automaticos da API ServeRest Buscar Administradores",
              "timedOut": null,
              "duration": 197,
              "state": "passed",
              "speed": "fast",
              "pass": true,
              "fail": false,
              "pending": false,
              "context": null,
              "code": "const is_administrador = true;\ncy.request({\n  method: 'GET',\n  url: `https://serverest.dev/usuarios?administrador=${is_administrador}`\n}).then(response => {\n  expect(response.status).to.equal(200);\n  expect(response.body).to.be.an('object');\n  expect(response.body).to.have.property('usuarios').that.is.an('array');\n  expect(response.body.usuarios.length).to.be.greaterThan(0);\n  if (response.body.usuarios.length === 0) {\n    cy.log('Nenhum Administrador encontrado.');\n  }\n});",
              "err": {},
              "uuid": "6d669291-1dd8-441a-95a6-722ff9a795d6",
              "parentUUID": "b65086c6-5538-4a5c-98fd-4b1cc4c6cbec",
              "isHook": false,
              "skipped": false
            },
            {
              "title": "Deletar usuário cadastrado por ID",
              "fullTitle": "Testes automaticos da API ServeRest Deletar usuário cadastrado por ID",
              "timedOut": null,
              "duration": 191,
              "state": "passed",
              "speed": "fast",
              "pass": true,
              "fail": false,
              "pending": false,
              "context": null,
              "code": "cy.request({\n  method: 'DELETE',\n  url: `https://serverest.dev/usuarios/${userId}`\n}).should(({\n  status,\n  body\n}) => {\n  expect(status).to.equal(200);\n  expect(body.message).to.contains('Registro excluído com sucesso');\n});",
              "err": {},
              "uuid": "2a2593cc-8be2-41d7-8ba9-800fb86e1ccd",
              "parentUUID": "b65086c6-5538-4a5c-98fd-4b1cc4c6cbec",
              "isHook": false,
              "skipped": false
            },
            {
              "title": "Deletar mesmo usuário cadastrado por ID novamente",
              "fullTitle": "Testes automaticos da API ServeRest Deletar mesmo usuário cadastrado por ID novamente",
              "timedOut": null,
              "duration": 192,
              "state": "passed",
              "speed": "fast",
              "pass": true,
              "fail": false,
              "pending": false,
              "context": null,
              "code": "cy.request({\n  method: 'DELETE',\n  url: `https://serverest.dev/usuarios/${userId}`\n}).should(({\n  status,\n  body\n}) => {\n  expect(status).to.equal(200);\n  expect(body.message).to.contains('Nenhum registro excluído');\n});",
              "err": {},
              "uuid": "fccca38f-c4bb-4f56-ae57-ddaff096b4fb",
              "parentUUID": "b65086c6-5538-4a5c-98fd-4b1cc4c6cbec",
              "isHook": false,
              "skipped": false
            }
          ],
          "suites": [],
          "passes": [
            "56eec030-294e-4f37-9832-9cb459c542be",
            "7e6302b1-5bf7-4b3a-90b9-93dc3440221b",
            "093f96cd-c42e-42b1-b78c-5d6126ec82ac",
            "d536cefd-8cba-4565-9990-b9bd08fa3139",
            "dc474167-f42c-4f12-b1fc-0a3336770203",
            "d4dafde8-6b19-48f4-827a-816478ecb328",
            "6d669291-1dd8-441a-95a6-722ff9a795d6",
            "2a2593cc-8be2-41d7-8ba9-800fb86e1ccd",
            "fccca38f-c4bb-4f56-ae57-ddaff096b4fb"
          ],
          "failures": [
            "ff9ebb5c-bac2-4d02-93fd-1067a7158ad4"
          ],
          "pending": [],
          "skipped": [],
          "duration": 2447,
          "root": false,
          "rootEmpty": false,
          "_timeout": 2000
        }
      ],
      "passes": [],
      "failures": [],
      "pending": [],
      "skipped": [],
      "duration": 0,
      "root": true,
      "rootEmpty": true,
      "_timeout": 2000
    }
  ],
  "meta": {
    "mocha": {
      "version": "7.0.1"
    },
    "mochawesome": {
      "options": {
        "quiet": false,
        "reportFilename": "mochawesome",
        "saveHtml": false,
        "saveJson": true,
        "consoleReporter": "spec",
        "useInlineDiffs": false,
        "code": true
      },
      "version": "7.1.3"
    },
    "marge": {
      "options": {
        "reportDir": "cypress/report",
        "overwrite": false,
        "html": false,
        "json": true
      },
      "version": "6.2.0"
    }
  }
}