{
  "stats": {
    "suites": 1,
    "tests": 10,
    "passes": 9,
    "pending": 0,
    "failures": 1,
    "start": "2023-10-30T02:27:30.417Z",
    "end": "2023-10-30T02:27:32.986Z",
    "duration": 2569,
    "testsRegistered": 10,
    "passPercent": 90,
    "pendingPercent": 0,
    "other": 0,
    "hasOther": false,
    "skipped": 0,
    "hasSkipped": false
  },
  "results": [
    {
      "uuid": "074924d9-4485-4771-8369-b660d66535d7",
      "title": "",
      "fullFile": "cypress\\e2e\\spec.cy.js",
      "file": "cypress\\e2e\\spec.cy.js",
      "beforeHooks": [],
      "afterHooks": [],
      "tests": [],
      "suites": [
        {
          "uuid": "04f8b77b-8acb-492f-8456-10e30beed8de",
          "title": "Testes automaticos da API ServeRest",
          "fullFile": "",
          "file": "",
          "beforeHooks": [],
          "afterHooks": [],
          "tests": [
            {
              "title": "Cadastra um novo usuário",
              "fullTitle": "Testes automaticos da API ServeRest Cadastra um novo usuário",
              "timedOut": null,
              "duration": 442,
              "state": "passed",
              "speed": "fast",
              "pass": true,
              "fail": false,
              "pending": false,
              "context": null,
              "code": "const user = {\n  nome: 'Nome do Usuário',\n  email: randomEmailCadastrar,\n  password: '12345',\n  administrador: 'true'\n};\ncy.request({\n  method: 'POST',\n  url: 'https://serverest.dev/usuarios',\n  body: user\n}).should(({\n  status,\n  body\n}) => {\n  expect(status).to.equal(201);\n  expect(body.message).to.include('Cadastro realizado com sucesso');\n  userId = body._id;\n});",
              "err": {},
              "uuid": "dd8623b5-760a-4f24-bc41-39daf59ec801",
              "parentUUID": "04f8b77b-8acb-492f-8456-10e30beed8de",
              "isHook": false,
              "skipped": false
            },
            {
              "title": "Cadastra usuário com e-mail igual ao primeiro",
              "fullTitle": "Testes automaticos da API ServeRest Cadastra usuário com e-mail igual ao primeiro",
              "timedOut": null,
              "duration": 189,
              "state": "passed",
              "speed": "fast",
              "pass": true,
              "fail": false,
              "pending": false,
              "context": null,
              "code": "const user = {\n  nome: 'Nome do Usuário',\n  email: randomEmailCadastrar,\n  password: '12345',\n  administrador: 'true'\n};\ncy.request({\n  method: 'POST',\n  url: 'https://serverest.dev/usuarios',\n  body: user,\n  failOnStatusCode: false\n}).should(({\n  status,\n  body\n}) => {\n  expect(status).to.equal(400);\n  expect(body.message).to.include('Este email já está sendo usado');\n});",
              "err": {},
              "uuid": "44ba98a8-ff44-4566-bf38-459fb3d0f7c2",
              "parentUUID": "04f8b77b-8acb-492f-8456-10e30beed8de",
              "isHook": false,
              "skipped": false
            },
            {
              "title": "Atualizar usuário cadastrado",
              "fullTitle": "Testes automaticos da API ServeRest Atualizar usuário cadastrado",
              "timedOut": null,
              "duration": 188,
              "state": "passed",
              "speed": "fast",
              "pass": true,
              "fail": false,
              "pending": false,
              "context": null,
              "code": "const user = {\n  nome: 'Nome do Usuário',\n  email: randomEmailAtualizar,\n  //email: 'edu222@gmail.com',\n  password: '12345',\n  administrador: 'true'\n};\ncy.request({\n  method: 'PUT',\n  url: `https://serverest.dev/usuarios/${userId}`,\n  body: user\n  //failOnStatusCode: false,\n}).should(({\n  status,\n  body\n}) => {\n  expect(status).to.equal(200);\n  expect(body.message).to.include('Registro alterado com sucesso');\n  //expect(body._id).to.be.not.undefined;\n});",
              "err": {},
              "uuid": "e9314859-662a-4a7f-9d84-e4c90e0fd526",
              "parentUUID": "04f8b77b-8acb-492f-8456-10e30beed8de",
              "isHook": false,
              "skipped": false
            },
            {
              "title": "Atualizar usuário cadastrado com erro",
              "fullTitle": "Testes automaticos da API ServeRest Atualizar usuário cadastrado com erro",
              "timedOut": null,
              "duration": 405,
              "state": "failed",
              "speed": null,
              "pass": false,
              "fail": true,
              "pending": false,
              "context": null,
              "code": "const user = {\n  nome: 'Nome do Usuário',\n  email: 'email_invalido',\n  password: '12345',\n  administrador: 'true'\n};\ncy.request({\n  method: 'PUT',\n  //url: `https://serverest.dev/usuarios/${userId}`,\n  url: `https://serverest.dev/usuarios/1`,\n  body: user,\n  failOnStatusCode: false\n}).should(({\n  status,\n  body\n}) => {\n  expect(status).to.equal(400);\n  cy.log('Está entrando aqui');\n  expect(body.message).to.include('email deve ser um email válido');\n});",
              "err": {
                "message": "CypressError: `cy.should()` failed because you invoked a command inside the callback. `cy.should()` retries the inner function, which would result in commands being added to the queue multiple times. Use `cy.then()` instead of `cy.should()`, or move any commands outside the callback function.\n\nThe command invoked was:\n\n  > `cy.log()`",
                "estack": "CypressError: `cy.should()` failed because you invoked a command inside the callback. `cy.should()` retries the inner function, which would result in commands being added to the queue multiple times. Use `cy.then()` instead of `cy.should()`, or move any commands outside the callback function.\n\nThe command invoked was:\n\n  > `cy.log()`\n    at $Cypress.commandEnqueued (http://localhost:63307/__cypress/runner/cypress_runner.js:117443:68)\n    at $Cypress.listener (http://localhost:63307/__cypress/runner/cypress_runner.js:141270:17)\n    at EventEmitter.emit (http://localhost:63307/__cypress/runner/cypress_runner.js:141350:19)\n    at parent.<computed> [as emit] (http://localhost:63307/__cypress/runner/cypress_runner.js:140259:31)\n    at $Cypress.action (http://localhost:63307/__cypress/runner/cypress_runner.js:41092:21)\n    at $Cy.enqueue (http://localhost:63307/__cypress/runner/cypress_runner.js:138667:25)\n    at callback (http://localhost:63307/__cypress/runner/cypress_runner.js:138266:10)\n    at cy.<computed> [as log] (http://localhost:63307/__cypress/runner/cypress_runner.js:138299:7)\n    at <unknown> (http://localhost:63307/__cypress/runner/cypress_runner.js:117455:17)\n    at tryCatcher (http://localhost:63307/__cypress/runner/cypress_runner.js:1807:23)\n    at Promise.attempt.Promise.try (http://localhost:63307/__cypress/runner/cypress_runner.js:4315:29)\n    at Context.shouldFnWithCallback (http://localhost:63307/__cypress/runner/cypress_runner.js:117452:66)\n    at Context.shouldFn (http://localhost:63307/__cypress/runner/cypress_runner.js:117495:37)\n    at Context.should (http://localhost:63307/__cypress/runner/cypress_runner.js:117614:23)\n    at wrapped (http://localhost:63307/__cypress/runner/cypress_runner.js:138252:19)\nFrom Your Spec Code:\n    at Context.eval (webpack://tcc-teste-cypress/./cypress/e2e/spec.cy.js:98:6)",
                "diff": null
              },
              "uuid": "963517d3-b2c7-4902-b411-e8e779e85e49",
              "parentUUID": "04f8b77b-8acb-492f-8456-10e30beed8de",
              "isHook": false,
              "skipped": false
            },
            {
              "title": "Buscar usuário cadastrado por ID",
              "fullTitle": "Testes automaticos da API ServeRest Buscar usuário cadastrado por ID",
              "timedOut": null,
              "duration": 195,
              "state": "passed",
              "speed": "fast",
              "pass": true,
              "fail": false,
              "pending": false,
              "context": null,
              "code": "cy.request({\n  method: 'GET',\n  url: `https://serverest.dev/usuarios/${userId}`\n}).should(({\n  status,\n  body\n}) => {\n  expect(status).to.equal(200);\n  expect(body.nome).to.equal('Nome do Usuário');\n  //expect(body.email).to.equal(randomEmailCadastrar); \n  expect(body.password).to.equal('12345');\n});",
              "err": {},
              "uuid": "9a225064-efde-4278-a9e3-3ec0361fe383",
              "parentUUID": "04f8b77b-8acb-492f-8456-10e30beed8de",
              "isHook": false,
              "skipped": false
            },
            {
              "title": "Buscar usuário por email",
              "fullTitle": "Testes automaticos da API ServeRest Buscar usuário por email",
              "timedOut": null,
              "duration": 200,
              "state": "passed",
              "speed": "fast",
              "pass": true,
              "fail": false,
              "pending": false,
              "context": null,
              "code": "const emailToSearch = randomEmailAtualizar;\ncy.request({\n  method: 'GET',\n  url: `https://serverest.dev/usuarios?email=${emailToSearch}`\n}).then(response => {\n  expect(response.status).to.equal(200);\n  expect(response.body).to.be.an('object');\n  expect(response.body).to.have.property('usuarios').that.is.an('array');\n  if (response.body.usuarios.length === 0) {\n    cy.log('Nenhum usuário encontrado com o email especificado.');\n  } else {\n    const firstUser = response.body.usuarios[0];\n    expect(firstUser).to.have.property('nome');\n    expect(firstUser).to.have.property('password');\n  }\n});",
              "err": {},
              "uuid": "256d9543-ebb4-43c1-a624-9aff9d98082b",
              "parentUUID": "04f8b77b-8acb-492f-8456-10e30beed8de",
              "isHook": false,
              "skipped": false
            },
            {
              "title": "Buscar usuário por email inválido",
              "fullTitle": "Testes automaticos da API ServeRest Buscar usuário por email inválido",
              "timedOut": null,
              "duration": 193,
              "state": "passed",
              "speed": "fast",
              "pass": true,
              "fail": false,
              "pending": false,
              "context": null,
              "code": "const emailInvalido = 'email_inexistente@exemplo.com';\ncy.request({\n  method: 'GET',\n  url: `https://serverest.dev/usuarios?email=${emailInvalido}`\n}).should(({\n  status,\n  body\n}) => {\n  expect(status).to.equal(200);\n  expect(body).to.be.an('object');\n  expect(body.usuarios).to.be.an('array');\n  expect(body.usuarios).to.have.lengthOf(0);\n});",
              "err": {},
              "uuid": "96f4c47d-6539-42aa-b605-efe8461409df",
              "parentUUID": "04f8b77b-8acb-492f-8456-10e30beed8de",
              "isHook": false,
              "skipped": false
            },
            {
              "title": "Buscar Administradores",
              "fullTitle": "Testes automaticos da API ServeRest Buscar Administradores",
              "timedOut": null,
              "duration": 188,
              "state": "passed",
              "speed": "fast",
              "pass": true,
              "fail": false,
              "pending": false,
              "context": null,
              "code": "const is_administrador = true;\ncy.request({\n  method: 'GET',\n  url: `https://serverest.dev/usuarios?administrador=${is_administrador}`\n}).then(response => {\n  expect(response.status).to.equal(200);\n  expect(response.body).to.be.an('object');\n  expect(response.body).to.have.property('usuarios').that.is.an('array');\n  expect(response.body.usuarios.length).to.be.greaterThan(0);\n  if (response.body.usuarios.length === 0) {\n    cy.log('Nenhum Administrador encontrado.');\n  }\n});",
              "err": {},
              "uuid": "0a31e78e-96db-4071-8e07-423e3aa569ee",
              "parentUUID": "04f8b77b-8acb-492f-8456-10e30beed8de",
              "isHook": false,
              "skipped": false
            },
            {
              "title": "Deletar usuário cadastrado por ID",
              "fullTitle": "Testes automaticos da API ServeRest Deletar usuário cadastrado por ID",
              "timedOut": null,
              "duration": 193,
              "state": "passed",
              "speed": "fast",
              "pass": true,
              "fail": false,
              "pending": false,
              "context": null,
              "code": "cy.request({\n  method: 'DELETE',\n  url: `https://serverest.dev/usuarios/${userId}`\n}).should(({\n  status,\n  body\n}) => {\n  expect(status).to.equal(200);\n  expect(body.message).to.contains('Registro excluído com sucesso');\n});",
              "err": {},
              "uuid": "400ff026-3e36-4ddb-b673-fbb5ac5c5fb6",
              "parentUUID": "04f8b77b-8acb-492f-8456-10e30beed8de",
              "isHook": false,
              "skipped": false
            },
            {
              "title": "Deletar mesmo usuário cadastrado por ID novamente",
              "fullTitle": "Testes automaticos da API ServeRest Deletar mesmo usuário cadastrado por ID novamente",
              "timedOut": null,
              "duration": 192,
              "state": "passed",
              "speed": "fast",
              "pass": true,
              "fail": false,
              "pending": false,
              "context": null,
              "code": "cy.request({\n  method: 'DELETE',\n  url: `https://serverest.dev/usuarios/${userId}`\n}).should(({\n  status,\n  body\n}) => {\n  expect(status).to.equal(200);\n  expect(body.message).to.contains('Nenhum registro excluído');\n});",
              "err": {},
              "uuid": "62d19a65-dfb1-4d41-a565-64ac0b3bdbfa",
              "parentUUID": "04f8b77b-8acb-492f-8456-10e30beed8de",
              "isHook": false,
              "skipped": false
            }
          ],
          "suites": [],
          "passes": [
            "dd8623b5-760a-4f24-bc41-39daf59ec801",
            "44ba98a8-ff44-4566-bf38-459fb3d0f7c2",
            "e9314859-662a-4a7f-9d84-e4c90e0fd526",
            "9a225064-efde-4278-a9e3-3ec0361fe383",
            "256d9543-ebb4-43c1-a624-9aff9d98082b",
            "96f4c47d-6539-42aa-b605-efe8461409df",
            "0a31e78e-96db-4071-8e07-423e3aa569ee",
            "400ff026-3e36-4ddb-b673-fbb5ac5c5fb6",
            "62d19a65-dfb1-4d41-a565-64ac0b3bdbfa"
          ],
          "failures": [
            "963517d3-b2c7-4902-b411-e8e779e85e49"
          ],
          "pending": [],
          "skipped": [],
          "duration": 2385,
          "root": false,
          "rootEmpty": false,
          "_timeout": 2000
        }
      ],
      "passes": [],
      "failures": [],
      "pending": [],
      "skipped": [],
      "duration": 0,
      "root": true,
      "rootEmpty": true,
      "_timeout": 2000
    }
  ],
  "meta": {
    "mocha": {
      "version": "7.0.1"
    },
    "mochawesome": {
      "options": {
        "quiet": false,
        "reportFilename": "mochawesome",
        "saveHtml": false,
        "saveJson": true,
        "consoleReporter": "spec",
        "useInlineDiffs": false,
        "code": true
      },
      "version": "7.1.3"
    },
    "marge": {
      "options": {
        "reportDir": "cypress/report",
        "overwrite": false,
        "html": false,
        "json": true
      },
      "version": "6.2.0"
    }
  }
}