{
  "stats": {
    "suites": 1,
    "tests": 10,
    "passes": 9,
    "pending": 0,
    "failures": 1,
    "start": "2023-10-30T02:10:39.781Z",
    "end": "2023-10-30T02:10:42.590Z",
    "duration": 2809,
    "testsRegistered": 10,
    "passPercent": 90,
    "pendingPercent": 0,
    "other": 0,
    "hasOther": false,
    "skipped": 0,
    "hasSkipped": false
  },
  "results": [
    {
      "uuid": "16c75ffd-8b76-49e7-a82d-20c5e2002c02",
      "title": "",
      "fullFile": "cypress\\e2e\\spec.cy.js",
      "file": "cypress\\e2e\\spec.cy.js",
      "beforeHooks": [],
      "afterHooks": [],
      "tests": [],
      "suites": [
        {
          "uuid": "fba2affc-34ce-449a-b99c-161a1ef0cc88",
          "title": "Testes automaticos da API ServeRest",
          "fullFile": "",
          "file": "",
          "beforeHooks": [],
          "afterHooks": [],
          "tests": [
            {
              "title": "Cadastra um novo usuário",
              "fullTitle": "Testes automaticos da API ServeRest Cadastra um novo usuário",
              "timedOut": null,
              "duration": 536,
              "state": "passed",
              "speed": "fast",
              "pass": true,
              "fail": false,
              "pending": false,
              "context": null,
              "code": "const user = {\n  nome: 'Nome do Usuário',\n  email: randomEmailCadastrar,\n  password: '12345',\n  administrador: 'true'\n};\ncy.request({\n  method: 'POST',\n  url: 'https://serverest.dev/usuarios',\n  body: user\n}).should(({\n  status,\n  body\n}) => {\n  expect(status).to.equal(201);\n  expect(body.message).to.include('Cadastro realizado com sucesso');\n  userId = body._id;\n});",
              "err": {},
              "uuid": "48a240fb-23d9-4d4d-a151-db944529def2",
              "parentUUID": "fba2affc-34ce-449a-b99c-161a1ef0cc88",
              "isHook": false,
              "skipped": false
            },
            {
              "title": "Cadastra usuário com e-mail igual ao primeiro",
              "fullTitle": "Testes automaticos da API ServeRest Cadastra usuário com e-mail igual ao primeiro",
              "timedOut": null,
              "duration": 198,
              "state": "passed",
              "speed": "fast",
              "pass": true,
              "fail": false,
              "pending": false,
              "context": null,
              "code": "const user = {\n  nome: 'Nome do Usuário',\n  email: randomEmailCadastrar,\n  password: '12345',\n  administrador: 'true'\n};\ncy.request({\n  method: 'POST',\n  url: 'https://serverest.dev/usuarios',\n  body: user,\n  failOnStatusCode: false\n}).should(({\n  status,\n  body\n}) => {\n  expect(status).to.equal(400);\n  expect(body.message).to.include('Este email já está sendo usado');\n});",
              "err": {},
              "uuid": "7def444d-4c09-4cb7-a75b-e7126b14e8ff",
              "parentUUID": "fba2affc-34ce-449a-b99c-161a1ef0cc88",
              "isHook": false,
              "skipped": false
            },
            {
              "title": "Atualizar usuário cadastrado",
              "fullTitle": "Testes automaticos da API ServeRest Atualizar usuário cadastrado",
              "timedOut": null,
              "duration": 194,
              "state": "passed",
              "speed": "fast",
              "pass": true,
              "fail": false,
              "pending": false,
              "context": null,
              "code": "const user = {\n  nome: 'Nome do Usuário',\n  email: randomEmailAtualizar,\n  //email: 'edu222@gmail.com',\n  password: '12345',\n  administrador: 'true'\n};\ncy.request({\n  method: 'PUT',\n  url: `https://serverest.dev/usuarios/${userId}`,\n  body: user\n  //failOnStatusCode: false,\n}).should(({\n  status,\n  body\n}) => {\n  expect(status).to.equal(200);\n  expect(body.message).to.include('Registro alterado com sucesso');\n  //expect(body._id).to.be.not.undefined;\n});",
              "err": {},
              "uuid": "2881d852-e51a-4b30-a473-0f90219d0fee",
              "parentUUID": "fba2affc-34ce-449a-b99c-161a1ef0cc88",
              "isHook": false,
              "skipped": false
            },
            {
              "title": "Atualizar usuário cadastrado com erro",
              "fullTitle": "Testes automaticos da API ServeRest Atualizar usuário cadastrado com erro",
              "timedOut": null,
              "duration": 394,
              "state": "failed",
              "speed": null,
              "pass": false,
              "fail": true,
              "pending": false,
              "context": null,
              "code": "const user = {\n  nome: 'Nome do Usuário',\n  email: randomEmailAtualizar,\n  password: '12345',\n  administrador: 'true'\n};\ncy.request({\n  method: 'PUT',\n  url: `https://serverest.dev/usuarios/${userId}`,\n  body: user,\n  failOnStatusCode: false\n}).should(({\n  status,\n  body\n}) => {\n  expect(status).to.equal(400);\n  expect(body.message).to.include('Este email já está sendo usado');\n});",
              "err": {
                "message": "AssertionError: expected 200 to equal 400",
                "estack": "AssertionError: expected 200 to equal 400\n    at Context.eval (webpack://tcc-teste-cypress/./cypress/e2e/spec.cy.js:97:24)",
                "diff": "- 200\n+ 400\n"
              },
              "uuid": "dceb49ae-a0bc-4e9b-a59d-e69000ba0494",
              "parentUUID": "fba2affc-34ce-449a-b99c-161a1ef0cc88",
              "isHook": false,
              "skipped": false
            },
            {
              "title": "Buscar usuário cadastrado por ID",
              "fullTitle": "Testes automaticos da API ServeRest Buscar usuário cadastrado por ID",
              "timedOut": null,
              "duration": 219,
              "state": "passed",
              "speed": "fast",
              "pass": true,
              "fail": false,
              "pending": false,
              "context": null,
              "code": "cy.request({\n  method: 'GET',\n  url: `https://serverest.dev/usuarios/${userId}`\n}).should(({\n  status,\n  body\n}) => {\n  expect(status).to.equal(200);\n  expect(body.nome).to.equal('Nome do Usuário');\n  //expect(body.email).to.equal(randomEmailCadastrar); \n  expect(body.password).to.equal('12345');\n});",
              "err": {},
              "uuid": "543d40e4-f0bd-463e-80f3-96685a309edf",
              "parentUUID": "fba2affc-34ce-449a-b99c-161a1ef0cc88",
              "isHook": false,
              "skipped": false
            },
            {
              "title": "Buscar usuário por email",
              "fullTitle": "Testes automaticos da API ServeRest Buscar usuário por email",
              "timedOut": null,
              "duration": 303,
              "state": "passed",
              "speed": "fast",
              "pass": true,
              "fail": false,
              "pending": false,
              "context": null,
              "code": "const emailToSearch = randomEmailAtualizar;\ncy.request({\n  method: 'GET',\n  url: `https://serverest.dev/usuarios?email=${emailToSearch}`\n}).then(response => {\n  expect(response.status).to.equal(200);\n  expect(response.body).to.be.an('object');\n  expect(response.body).to.have.property('usuarios').that.is.an('array');\n  if (response.body.usuarios.length === 0) {\n    cy.log('Nenhum usuário encontrado com o email especificado.');\n  } else {\n    const firstUser = response.body.usuarios[0];\n    expect(firstUser).to.have.property('nome');\n    expect(firstUser).to.have.property('password');\n  }\n});",
              "err": {},
              "uuid": "9df633f4-61b7-4928-9ebb-9d3a5339e0bc",
              "parentUUID": "fba2affc-34ce-449a-b99c-161a1ef0cc88",
              "isHook": false,
              "skipped": false
            },
            {
              "title": "Buscar usuário por email inválido",
              "fullTitle": "Testes automaticos da API ServeRest Buscar usuário por email inválido",
              "timedOut": null,
              "duration": 204,
              "state": "passed",
              "speed": "fast",
              "pass": true,
              "fail": false,
              "pending": false,
              "context": null,
              "code": "const emailInvalido = 'email_inexistente@exemplo.com';\ncy.request({\n  method: 'GET',\n  url: `https://serverest.dev/usuarios?email=${emailInvalido}`\n}).should(({\n  status,\n  body\n}) => {\n  expect(status).to.equal(200);\n  expect(body).to.be.an('object');\n  expect(body.usuarios).to.be.an('array');\n  expect(body.usuarios).to.have.lengthOf(0);\n});",
              "err": {},
              "uuid": "78fdadc4-c226-449c-97ad-88dede9c120e",
              "parentUUID": "fba2affc-34ce-449a-b99c-161a1ef0cc88",
              "isHook": false,
              "skipped": false
            },
            {
              "title": "Buscar Administradores",
              "fullTitle": "Testes automaticos da API ServeRest Buscar Administradores",
              "timedOut": null,
              "duration": 198,
              "state": "passed",
              "speed": "fast",
              "pass": true,
              "fail": false,
              "pending": false,
              "context": null,
              "code": "const is_administrador = true;\ncy.request({\n  method: 'GET',\n  url: `https://serverest.dev/usuarios?administrador=${is_administrador}`\n}).then(response => {\n  expect(response.status).to.equal(200);\n  expect(response.body).to.be.an('object');\n  expect(response.body).to.have.property('usuarios').that.is.an('array');\n  expect(response.body.usuarios.length).to.be.greaterThan(0);\n  if (response.body.usuarios.length === 0) {\n    cy.log('Nenhum Administrador encontrado.');\n  }\n});",
              "err": {},
              "uuid": "77cb905b-e844-4d6f-a102-6526e079a613",
              "parentUUID": "fba2affc-34ce-449a-b99c-161a1ef0cc88",
              "isHook": false,
              "skipped": false
            },
            {
              "title": "Deletar usuário cadastrado por ID",
              "fullTitle": "Testes automaticos da API ServeRest Deletar usuário cadastrado por ID",
              "timedOut": null,
              "duration": 191,
              "state": "passed",
              "speed": "fast",
              "pass": true,
              "fail": false,
              "pending": false,
              "context": null,
              "code": "cy.request({\n  method: 'DELETE',\n  url: `https://serverest.dev/usuarios/${userId}`\n}).should(({\n  status,\n  body\n}) => {\n  expect(status).to.equal(200);\n  expect(body.message).to.contains('Registro excluído com sucesso');\n});",
              "err": {},
              "uuid": "00fe460e-a3a3-4539-ac66-ec1a324317c0",
              "parentUUID": "fba2affc-34ce-449a-b99c-161a1ef0cc88",
              "isHook": false,
              "skipped": false
            },
            {
              "title": "Deletar mesmo usuário cadastrado por ID novamente",
              "fullTitle": "Testes automaticos da API ServeRest Deletar mesmo usuário cadastrado por ID novamente",
              "timedOut": null,
              "duration": 198,
              "state": "passed",
              "speed": "fast",
              "pass": true,
              "fail": false,
              "pending": false,
              "context": null,
              "code": "cy.request({\n  method: 'DELETE',\n  url: `https://serverest.dev/usuarios/${userId}`\n}).should(({\n  status,\n  body\n}) => {\n  expect(status).to.equal(200);\n  expect(body.message).to.contains('Nenhum registro excluído');\n});",
              "err": {},
              "uuid": "194fa1c8-72a3-4401-99da-8673164ba684",
              "parentUUID": "fba2affc-34ce-449a-b99c-161a1ef0cc88",
              "isHook": false,
              "skipped": false
            }
          ],
          "suites": [],
          "passes": [
            "48a240fb-23d9-4d4d-a151-db944529def2",
            "7def444d-4c09-4cb7-a75b-e7126b14e8ff",
            "2881d852-e51a-4b30-a473-0f90219d0fee",
            "543d40e4-f0bd-463e-80f3-96685a309edf",
            "9df633f4-61b7-4928-9ebb-9d3a5339e0bc",
            "78fdadc4-c226-449c-97ad-88dede9c120e",
            "77cb905b-e844-4d6f-a102-6526e079a613",
            "00fe460e-a3a3-4539-ac66-ec1a324317c0",
            "194fa1c8-72a3-4401-99da-8673164ba684"
          ],
          "failures": [
            "dceb49ae-a0bc-4e9b-a59d-e69000ba0494"
          ],
          "pending": [],
          "skipped": [],
          "duration": 2635,
          "root": false,
          "rootEmpty": false,
          "_timeout": 2000
        }
      ],
      "passes": [],
      "failures": [],
      "pending": [],
      "skipped": [],
      "duration": 0,
      "root": true,
      "rootEmpty": true,
      "_timeout": 2000
    }
  ],
  "meta": {
    "mocha": {
      "version": "7.0.1"
    },
    "mochawesome": {
      "options": {
        "quiet": false,
        "reportFilename": "mochawesome",
        "saveHtml": false,
        "saveJson": true,
        "consoleReporter": "spec",
        "useInlineDiffs": false,
        "code": true
      },
      "version": "7.1.3"
    },
    "marge": {
      "options": {
        "reportDir": "cypress/report",
        "overwrite": false,
        "html": false,
        "json": true
      },
      "version": "6.2.0"
    }
  }
}